<?xml version="1.0" encoding="UTF-8"?>
<!-- Generated by org.testng.reporters.JUnitXMLReporter -->
<testsuite ignored="0" hostname="DESKTOP-SRVP3EQ" failures="0" tests="3" name="Default test" time="65.868" errors="0" timestamp="2024-03-13T11:56:57 IST">
  <testcase classname="Test_Package.Test_Cases" name="Test1" time="6.22"/>
  <testcase classname="Test_Package.Test_Cases" name="Test2" time="8.678"/>
  <testcase classname="Test_Package.Test_Cases" name="Test3" time="8.49"/>
</testsuite> <!-- Default test -->
