<?xml version="1.0" encoding="UTF-8"?>
<!-- Generated by org.testng.reporters.JUnitXMLReporter -->
<testsuite ignored="0" hostname="DESKTOP-SRVP3EQ" failures="0" tests="3" name="Test" time="69.778" errors="0" timestamp="2024-03-13T18:49:22 IST">
  <testcase classname="Test_Package.Test_Cases" name="Test1" time="8.175"/>
  <testcase classname="Test_Package.Test_Cases" name="Test2" time="8.605"/>
  <testcase classname="Test_Package.Test_Cases" name="Test3" time="6.749"/>
</testsuite> <!-- Test -->
