<?xml version="1.0" encoding="UTF-8"?>
<!-- Generated by org.testng.reporters.JUnitXMLReporter -->
<testsuite ignored="0" hostname="DESKTOP-SRVP3EQ" failures="0" tests="3" name="Test" time="66.858" errors="0" timestamp="2024-03-13T18:51:46 IST">
  <testcase classname="Test_Package.Test_Cases" name="Test1" time="7.391"/>
  <testcase classname="Test_Package.Test_Cases" name="Test2" time="6.055"/>
  <testcase classname="Test_Package.Test_Cases" name="Test3" time="7.505"/>
</testsuite> <!-- Test -->
