<?xml version="1.0" encoding="UTF-8"?>
<testng-results ignored="0" total="3" passed="3" failed="0" skipped="0">
  <reporter-output>
  </reporter-output>
  <suite started-at="2024-03-13T18:50:39 IST" name="Suite" finished-at="2024-03-13T18:51:46 IST" duration-ms="66858">
    <groups>
    </groups>
    <test started-at="2024-03-13T18:50:39 IST" name="Test" finished-at="2024-03-13T18:51:46 IST" duration-ms="66858">
      <class name="Test_Package.Test_Cases">
        <test-method is-config="true" signature="lunchDriver()[pri:0, instance:Test_Package.Test_Cases@524d6d96]" started-at="2024-03-13T18:50:39 IST" name="lunchDriver" finished-at="2024-03-13T18:50:52 IST" duration-ms="12604" status="PASS">
          <reporter-output>
          </reporter-output>
        </test-method> <!-- lunchDriver -->
        <test-method signature="Test1()[pri:0, instance:Test_Package.Test_Cases@524d6d96]" started-at="2024-03-13T18:50:52 IST" name="Test1" finished-at="2024-03-13T18:50:59 IST" duration-ms="7391" status="PASS">
          <reporter-output>
          </reporter-output>
        </test-method> <!-- Test1 -->
        <test-method is-config="true" signature="quit()[pri:0, instance:Test_Package.Test_Cases@524d6d96]" started-at="2024-03-13T18:50:59 IST" name="quit" finished-at="2024-03-13T18:51:06 IST" duration-ms="6426" status="PASS">
          <reporter-output>
          </reporter-output>
        </test-method> <!-- quit -->
        <test-method is-config="true" signature="lunchDriver()[pri:0, instance:Test_Package.Test_Cases@524d6d96]" started-at="2024-03-13T18:51:06 IST" name="lunchDriver" finished-at="2024-03-13T18:51:16 IST" duration-ms="10116" status="PASS">
          <reporter-output>
          </reporter-output>
        </test-method> <!-- lunchDriver -->
        <test-method signature="Test2()[pri:0, instance:Test_Package.Test_Cases@524d6d96]" started-at="2024-03-13T18:51:16 IST" name="Test2" finished-at="2024-03-13T18:51:22 IST" duration-ms="6055" status="PASS">
          <reporter-output>
          </reporter-output>
        </test-method> <!-- Test2 -->
        <test-method is-config="true" signature="quit()[pri:0, instance:Test_Package.Test_Cases@524d6d96]" started-at="2024-03-13T18:51:22 IST" name="quit" finished-at="2024-03-13T18:51:25 IST" duration-ms="3100" status="PASS">
          <reporter-output>
          </reporter-output>
        </test-method> <!-- quit -->
        <test-method is-config="true" signature="lunchDriver()[pri:0, instance:Test_Package.Test_Cases@524d6d96]" started-at="2024-03-13T18:51:25 IST" name="lunchDriver" finished-at="2024-03-13T18:51:35 IST" duration-ms="9878" status="PASS">
          <reporter-output>
          </reporter-output>
        </test-method> <!-- lunchDriver -->
        <test-method signature="Test3()[pri:0, instance:Test_Package.Test_Cases@524d6d96]" started-at="2024-03-13T18:51:35 IST" name="Test3" finished-at="2024-03-13T18:51:42 IST" duration-ms="7505" status="PASS">
          <reporter-output>
          </reporter-output>
        </test-method> <!-- Test3 -->
        <test-method is-config="true" signature="quit()[pri:0, instance:Test_Package.Test_Cases@524d6d96]" started-at="2024-03-13T18:51:42 IST" name="quit" finished-at="2024-03-13T18:51:46 IST" duration-ms="3726" status="PASS">
          <reporter-output>
          </reporter-output>
        </test-method> <!-- quit -->
      </class> <!-- Test_Package.Test_Cases -->
    </test> <!-- Test -->
  </suite> <!-- Suite -->
</testng-results>
