<?xml version="1.0" encoding="UTF-8"?>
<testng-results ignored="0" total="3" passed="3" failed="0" skipped="0">
  <reporter-output>
  </reporter-output>
  <suite started-at="2024-03-13T18:48:12 IST" name="Suite" finished-at="2024-03-13T18:49:22 IST" duration-ms="69778">
    <groups>
    </groups>
    <test started-at="2024-03-13T18:48:12 IST" name="Test" finished-at="2024-03-13T18:49:22 IST" duration-ms="69778">
      <class name="Test_Package.Test_Cases">
        <test-method is-config="true" signature="lunchDriver()[pri:0, instance:Test_Package.Test_Cases@71ba6d4e]" started-at="2024-03-13T18:48:12 IST" name="lunchDriver" finished-at="2024-03-13T18:48:24 IST" duration-ms="12382" status="PASS">
          <reporter-output>
          </reporter-output>
        </test-method> <!-- lunchDriver -->
        <test-method signature="Test1()[pri:0, instance:Test_Package.Test_Cases@71ba6d4e]" started-at="2024-03-13T18:48:24 IST" name="Test1" finished-at="2024-03-13T18:48:32 IST" duration-ms="8175" status="PASS">
          <reporter-output>
          </reporter-output>
        </test-method> <!-- Test1 -->
        <test-method is-config="true" signature="quit()[pri:0, instance:Test_Package.Test_Cases@71ba6d4e]" started-at="2024-03-13T18:48:32 IST" name="quit" finished-at="2024-03-13T18:48:36 IST" duration-ms="3664" status="PASS">
          <reporter-output>
          </reporter-output>
        </test-method> <!-- quit -->
        <test-method is-config="true" signature="lunchDriver()[pri:0, instance:Test_Package.Test_Cases@71ba6d4e]" started-at="2024-03-13T18:48:36 IST" name="lunchDriver" finished-at="2024-03-13T18:48:48 IST" duration-ms="11620" status="PASS">
          <reporter-output>
          </reporter-output>
        </test-method> <!-- lunchDriver -->
        <test-method signature="Test2()[pri:0, instance:Test_Package.Test_Cases@71ba6d4e]" started-at="2024-03-13T18:48:48 IST" name="Test2" finished-at="2024-03-13T18:48:56 IST" duration-ms="8605" status="PASS">
          <reporter-output>
          </reporter-output>
        </test-method> <!-- Test2 -->
        <test-method is-config="true" signature="quit()[pri:0, instance:Test_Package.Test_Cases@71ba6d4e]" started-at="2024-03-13T18:48:56 IST" name="quit" finished-at="2024-03-13T18:49:00 IST" duration-ms="3389" status="PASS">
          <reporter-output>
          </reporter-output>
        </test-method> <!-- quit -->
        <test-method is-config="true" signature="lunchDriver()[pri:0, instance:Test_Package.Test_Cases@71ba6d4e]" started-at="2024-03-13T18:49:00 IST" name="lunchDriver" finished-at="2024-03-13T18:49:11 IST" duration-ms="11228" status="PASS">
          <reporter-output>
          </reporter-output>
        </test-method> <!-- lunchDriver -->
        <test-method signature="Test3()[pri:0, instance:Test_Package.Test_Cases@71ba6d4e]" started-at="2024-03-13T18:49:11 IST" name="Test3" finished-at="2024-03-13T18:49:18 IST" duration-ms="6749" status="PASS">
          <reporter-output>
          </reporter-output>
        </test-method> <!-- Test3 -->
        <test-method is-config="true" signature="quit()[pri:0, instance:Test_Package.Test_Cases@71ba6d4e]" started-at="2024-03-13T18:49:18 IST" name="quit" finished-at="2024-03-13T18:49:22 IST" duration-ms="3882" status="PASS">
          <reporter-output>
          </reporter-output>
        </test-method> <!-- quit -->
      </class> <!-- Test_Package.Test_Cases -->
    </test> <!-- Test -->
  </suite> <!-- Suite -->
</testng-results>
